
	            G L O B A L   R E F E R E N C E S

	             Name               Value        Type
	==============================|=======|===============
	SP_INICIAL                       FDFF         CONSTANT
	IO_DISPLAY0                      FFF0         CONSTANT
	IO_DISPLAY1                      FFF1         CONSTANT
	IO_DISPLAY2                      FFF2         CONSTANT
	IO_DISPLAY3                      FFF3         CONSTANT
	IO_TEMP_CONT                     FFF6         CONSTANT
	IO_TEMP_INIC                     FFF7         CONSTANT
	IO_LEDS                          FFF8         CONSTANT
	INT_MASK_ADDR                    FFFA         CONSTANT
	INT_MASK                         847E         CONSTANT
	CONTROL_TEXT                     FFFC         CONSTANT
	WRITE_TEXT                       FFFE         CONSTANT
	MASCARA                          8016         CONSTANT
	FIM_STR                          0040         CONSTANT
	strFim                           8000           STRING
	strRecomeco                      800C           STRING
	strInicio                        802A           STRING
	INT1                             FE01         VARIABLE
	INT2                             FE02         VARIABLE
	INT3                             FE03         VARIABLE
	INT4                             FE04         VARIABLE
	INT5                             FE05         VARIABLE
	INT6                             FE06         VARIABLE
	vazio1                           FE07            TABLE
	INT10                            FE0A         VARIABLE
	vazio2                           FE0B            TABLE
	INT15                            FE0F         VARIABLE
	INT1F                            0002            LABEL
	INT2F                            0006            LABEL
	INT3F                            000A            LABEL
	INT4F                            000E            LABEL
	INT5F                            0012            LABEL
	INT6F                            0016            LABEL
	INTIA                            001A            LABEL
	TEMP                             0021            LABEL
	muda_linha                       002F            LABEL
	opcao                            003D            LABEL
	tentativa                        004A            LABEL
	tenta_certa                      0066            LABEL
	verifica                         0074            LABEL
	tentativa2                       007B            LABEL
	tenta_errada                     007D            LABEL
	inic_errada                      0085            LABEL
	roda_tent                        0091            LABEL
	verifica2                        0097            LABEL
	p_errada                         009B            LABEL
	p_certa                          00AC            LABEL
	ver_tracos                       00BD            LABEL
	inicializa                       00C7            LABEL
	iteracoes                        00D9            LABEL
	salto                            00E2            LABEL
	random                           00E3            LABEL
	naoZero                          00E9            LABEL
	seZero                           00EE            LABEL
	corrige                          00F4            LABEL
	inicio                           0104            LABEL
	reinicio                         0118            LABEL
	fim                              011C            LABEL
	mensagem_inic                    0122            LABEL
	ciclo_inic                       0128            LABEL
	mensagem_fim                     0134            LABEL
	ciclo_fim                        0140            LABEL
	mensagem_recom                   014D            LABEL
	ciclo_recom                      0153            LABEL
	fim_mensagem                     015F            LABEL
